<?xml version="1.0" encoding="UTF-8"?>
<testsuites>
  <testsuite name="acceptance" tests="2" assertions="0" failures="0" errors="2" time="0.004788">
    <testcase file="/home/travis/build/wirecard/opencart-ee/tests/acceptance/CreditCard3DSAuthorizationHappyPath.feature" name="CreditCard3DSAuthorizationHappyPath: purchase" feature="purchase" assertions="0" time="0.001999">
      <error type="RuntimeException">CreditCard3DSAuthorizationHappyPath: purchase
RuntimeException: Call to undefined method AcceptanceTester::updateInDatabase

/home/travis/build/wirecard/opencart-ee/system/library/codeception/codeception/src/Codeception/Actor.php:44
/home/travis/build/wirecard/opencart-ee/tests/_support/AcceptanceTester.php:195
/home/travis/build/wirecard/opencart-ee/system/library/codeception/codeception/src/Codeception/Test/Gherkin.php:142
/home/travis/build/wirecard/opencart-ee/system/library/codeception/codeception/src/Codeception/Test/Gherkin.php:83
/home/travis/build/wirecard/opencart-ee/system/library/codeception/codeception/src/Codeception/Test/Test.php:89
/home/travis/build/wirecard/opencart-ee/system/library/codeception/phpunit-wrapper/src/Runner.php:110
/home/travis/build/wirecard/opencart-ee/system/library/codeception/codeception/src/Codeception/SuiteManager.php:158
/home/travis/build/wirecard/opencart-ee/system/library/codeception/codeception/src/Codeception/Codecept.php:192
/home/travis/build/wirecard/opencart-ee/system/library/codeception/codeception/src/Codeception/Codecept.php:159
/home/travis/build/wirecard/opencart-ee/system/library/codeception/codeception/src/Codeception/Command/Run.php:495
/home/travis/build/wirecard/opencart-ee/system/library/codeception/codeception/src/Codeception/Command/Run.php:390
/home/travis/build/wirecard/opencart-ee/system/library/symfony/console/Command/Command.php:255
/home/travis/build/wirecard/opencart-ee/system/library/symfony/console/Application.php:915
/home/travis/build/wirecard/opencart-ee/system/library/symfony/console/Application.php:272
/home/travis/build/wirecard/opencart-ee/system/library/symfony/console/Application.php:148
/home/travis/build/wirecard/opencart-ee/system/library/codeception/codeception/src/Codeception/Application.php:108
</error>
    </testcase>
    <testcase file="/home/travis/build/wirecard/opencart-ee/tests/acceptance/CreditCard3DSPurchaseHappyPath.feature" name="CreditCard3DSPurchaseHappyPath: purchase" feature="purchase" assertions="0" time="0.002789">
      <error type="RuntimeException">CreditCard3DSPurchaseHappyPath: purchase
RuntimeException: Call to undefined method AcceptanceTester::updateInDatabase

/home/travis/build/wirecard/opencart-ee/system/library/codeception/codeception/src/Codeception/Actor.php:44
/home/travis/build/wirecard/opencart-ee/tests/_support/AcceptanceTester.php:195
/home/travis/build/wirecard/opencart-ee/system/library/codeception/codeception/src/Codeception/Test/Gherkin.php:142
/home/travis/build/wirecard/opencart-ee/system/library/codeception/codeception/src/Codeception/Test/Gherkin.php:83
/home/travis/build/wirecard/opencart-ee/system/library/codeception/codeception/src/Codeception/Test/Test.php:89
/home/travis/build/wirecard/opencart-ee/system/library/codeception/phpunit-wrapper/src/Runner.php:110
/home/travis/build/wirecard/opencart-ee/system/library/codeception/codeception/src/Codeception/SuiteManager.php:158
/home/travis/build/wirecard/opencart-ee/system/library/codeception/codeception/src/Codeception/Codecept.php:192
/home/travis/build/wirecard/opencart-ee/system/library/codeception/codeception/src/Codeception/Codecept.php:159
/home/travis/build/wirecard/opencart-ee/system/library/codeception/codeception/src/Codeception/Command/Run.php:495
/home/travis/build/wirecard/opencart-ee/system/library/codeception/codeception/src/Codeception/Command/Run.php:390
/home/travis/build/wirecard/opencart-ee/system/library/symfony/console/Command/Command.php:255
/home/travis/build/wirecard/opencart-ee/system/library/symfony/console/Application.php:915
/home/travis/build/wirecard/opencart-ee/system/library/symfony/console/Application.php:272
/home/travis/build/wirecard/opencart-ee/system/library/symfony/console/Application.php:148
/home/travis/build/wirecard/opencart-ee/system/library/codeception/codeception/src/Codeception/Application.php:108
</error>
    </testcase>
  </testsuite>
</testsuites>
