<?xml version="1.0" encoding="UTF-8"?>
<testsuites>
  <testsuite name="acceptance (ui_test)" tests="1" assertions="0" failures="0" errors="1" time="10.245528">
    <testcase file="/home/travis/build/wirecard/prestashop-ee/wirecardpaymentgateway/tests/acceptance/CreditCard3DSAuthorizationHappyPath.feature" name="CreditCard3DSWppv2AuthorizationHappyPath: authorize" feature="authorize" assertions="0" time="10.245528">
      <error type="PHPUnit_Framework_Exception">CreditCard3DSWppv2AuthorizationHappyPath: authorize
PHPUnit_Framework_Exception: Undefined index: Wirecard Credit Card

/home/travis/build/wirecard/prestashop-ee/wirecardpaymentgateway/vendor/codeception/codeception/src/Codeception/Subscriber/ErrorHandler.php:83
/home/travis/build/wirecard/prestashop-ee/wirecardpaymentgateway/tests/_support/Page/Base.php:52
/home/travis/build/wirecard/prestashop-ee/wirecardpaymentgateway/tests/_support/AcceptanceTester.php:266
/home/travis/build/wirecard/prestashop-ee/wirecardpaymentgateway/vendor/codeception/codeception/src/Codeception/Test/Gherkin.php:142
/home/travis/build/wirecard/prestashop-ee/wirecardpaymentgateway/vendor/codeception/codeception/src/Codeception/Test/Gherkin.php:83
/home/travis/build/wirecard/prestashop-ee/wirecardpaymentgateway/vendor/codeception/codeception/src/Codeception/Test/Test.php:89
/home/travis/build/wirecard/prestashop-ee/wirecardpaymentgateway/vendor/codeception/phpunit-wrapper/src/Runner.php:110
/home/travis/build/wirecard/prestashop-ee/wirecardpaymentgateway/vendor/codeception/codeception/src/Codeception/SuiteManager.php:158
/home/travis/build/wirecard/prestashop-ee/wirecardpaymentgateway/vendor/codeception/codeception/src/Codeception/Codecept.php:192
/home/travis/build/wirecard/prestashop-ee/wirecardpaymentgateway/vendor/codeception/codeception/src/Codeception/Codecept.php:181
/home/travis/build/wirecard/prestashop-ee/wirecardpaymentgateway/vendor/codeception/codeception/src/Codeception/Command/Run.php:495
/home/travis/build/wirecard/prestashop-ee/wirecardpaymentgateway/vendor/codeception/codeception/src/Codeception/Command/Run.php:390
/home/travis/build/wirecard/prestashop-ee/wirecardpaymentgateway/vendor/symfony/console/Command/Command.php:255
/home/travis/build/wirecard/prestashop-ee/wirecardpaymentgateway/vendor/symfony/console/Application.php:934
/home/travis/build/wirecard/prestashop-ee/wirecardpaymentgateway/vendor/symfony/console/Application.php:273
/home/travis/build/wirecard/prestashop-ee/wirecardpaymentgateway/vendor/symfony/console/Application.php:149
/home/travis/build/wirecard/prestashop-ee/wirecardpaymentgateway/vendor/codeception/codeception/src/Codeception/Application.php:108
</error>
    </testcase>
  </testsuite>
</testsuites>
