<?xml version="1.0" encoding="UTF-8"?>
<testsuites>
  <testsuite name="acceptance (ci)" tests="8" assertions="49" errors="0" failures="3" skipped="0" time="478.419357">
    <testcase file="/project/tests/acceptance/CreditCard/CreditCardConfigurationHappyPath.feature" name="CreditCardConfigurationHappyPath: Configuration page check | &quot;reserve&quot;, &quot;authorization&quot;" feature="CreditCardConfigurationHappyPath" assertions="15" time="41.668747">
      <failure type="PHPUnit\Framework\ExpectationFailedException">CreditCardConfigurationHappyPath: Configuration page check | "reserve", "authorization"
Failed testing for '100' in woocommerce_wirecard_ee_creditcard_ssl_max_limit's value: '100'
Failed asserting that an array contains 100.

/project/tests/_support/_generated/AcceptanceTesterActions.php:1083
/project/tests/_support/Step/Acceptance/ShopSystem/WoocommerceAdministrationStep.php:136
/project/tests/_support/AcceptanceTester.php:391
/repo/app.php:46
/repo/app.php:47
/repo/codecept:7
</failure>
    </testcase>
    <testcase file="/project/tests/acceptance/CreditCard/CreditCardConfigurationHappyPath.feature" name="CreditCardConfigurationHappyPath: Configuration page check | &quot;pay&quot;, &quot;purchase&quot;" feature="CreditCardConfigurationHappyPath" assertions="15" time="39.848581">
      <failure type="PHPUnit\Framework\ExpectationFailedException">CreditCardConfigurationHappyPath: Configuration page check | "pay", "purchase"
Failed testing for '100' in woocommerce_wirecard_ee_creditcard_ssl_max_limit's value: '100'
Failed asserting that an array contains 100.

/project/tests/_support/_generated/AcceptanceTesterActions.php:1083
/project/tests/_support/Step/Acceptance/ShopSystem/WoocommerceAdministrationStep.php:136
/project/tests/_support/AcceptanceTester.php:391
/repo/app.php:46
/repo/app.php:47
/repo/codecept:7
</failure>
    </testcase>
    <testcase file="/project/tests/acceptance/CreditCard/CreditCardInitialTransactionHappyPath.feature" name="CreditCardInitialTransactionHappyPath: initial transaction Non 3DS | &quot;reserve&quot;, &quot;20&quot;, &quot;authorization&quot;" feature="CreditCardInitialTransactionHappyPath" assertions="3" time="40.260765"/>
    <testcase file="/project/tests/acceptance/CreditCard/CreditCardInitialTransactionHappyPath.feature" name="CreditCardInitialTransactionHappyPath: initial transaction Non 3DS | &quot;pay&quot;, &quot;20&quot;, &quot;purchase&quot;" feature="CreditCardInitialTransactionHappyPath" assertions="3" time="36.302399"/>
    <testcase file="/project/tests/acceptance/CreditCard/CreditCardInitialTransactionHappyPath.feature" name="CreditCardInitialTransactionHappyPath: initial transaction 3DS | &quot;reserve&quot;, &quot;100&quot;, &quot;authorization&quot;" feature="CreditCardInitialTransactionHappyPath" assertions="2" time="103.503917">
      <failure type="PHPUnit\Framework\ExpectationFailedException">CreditCardInitialTransactionHappyPath: initial transaction 3DS | "reserve", "100", "authorization"
Failed asserting that  on page /cart/
--&gt; Skip to navigation
Skip to content
test
Just another WordPress site
Search for:
Search
Home
Cart
Checkout
My account
Sample Page
Shop
€120.00 6 items
Home / Cart
An error occurred during the payment process. Please try again.
Cart
    Product Price Quantity Subtotal
×
Polo €20.00
Polo quantity

[Content too long to display. See complete response in '/project/tests/_output/' directory]
--&gt; contains "Order received".

/project/tests/_support/_generated/AcceptanceTesterActions.php:344
/project/tests/_support/Step/Acceptance/ShopSystem/GenericShopSystemStep.php:183
/project/tests/_support/AcceptanceTester.php:231
/repo/app.php:46
/repo/app.php:47
/repo/codecept:7
</failure>
    </testcase>
    <testcase file="/project/tests/acceptance/CreditCard/CreditCardInitialTransactionHappyPath.feature" name="CreditCardInitialTransactionHappyPath: initial transaction 3DS | &quot;pay&quot;, &quot;100&quot;, &quot;purchase&quot;" feature="CreditCardInitialTransactionHappyPath" assertions="3" time="53.029803"/>
    <testcase file="/project/tests/acceptance/CreditCard/CreditCardOneClickInitialTransactionHappyPath.feature" name="CreditCardOneClickInitialTransactionHappyPath: initial transaction | &quot;reserve&quot;, &quot;100&quot;, &quot;authorization&quot;" feature="CreditCardOneClickInitialTransactionHappyPath" assertions="5" time="116.281110"/>
    <testcase file="/project/tests/acceptance/iDEAL/IdealInitialTransactionHappyPath.feature" name="iDealInitialTransaction: initial transaction | &quot;debit&quot;, &quot;debit&quot;" feature="iDealInitialTransaction" assertions="3" time="47.524035"/>
  </testsuite>
</testsuites>
