<?xml version="1.0" encoding="UTF-8"?>
<testsuites>
  <testsuite name="acceptance (ci)" tests="2" assertions="4" errors="0" failures="2" skipped="0" time="280.896257">
    <testcase file="/project/tests/acceptance/PayPal/PayPalInitialTransactionHappyPath.feature" name="PayPalInitialTransaction: initial transaction | &quot;pay&quot;, &quot;purchase&quot;" feature="PayPalInitialTransaction" assertions="2" time="144.640609">
      <failure type="PHPUnit\Framework\ExpectationFailedException">PayPalInitialTransaction: initial transaction | "pay", "purchase"
Failed asserting that  on page /cart/
--&gt; Skip to navigation
Skip to content
test
Just another WordPress site
Search for:
Search
Home
Cart
Checkout
My account
Sample Page
Shop
€120.00 6 items
Home / Cart
An error occurred during the payment process. Please try again.
Cart
    Product Price Quantity Subtotal
×
Polo €20.00
Polo quantity

[Content too long to display. See complete response in '/project/tests/_output/' directory]
--&gt; contains "Order received".

/project/tests/_support/_generated/AcceptanceTesterActions.php:344
/project/tests/_support/Step/Acceptance/ShopSystem/GenericShopSystemStep.php:183
/project/tests/_support/AcceptanceTester.php:231
/repo/app.php:46
/repo/app.php:47
/repo/codecept:7
</failure>
    </testcase>
    <testcase file="/project/tests/acceptance/PayPal/PayPalInitialTransactionHappyPath.feature" name="PayPalInitialTransaction: initial transaction | &quot;reserve&quot;, &quot;authorization&quot;" feature="PayPalInitialTransaction" assertions="2" time="136.255649">
      <failure type="PHPUnit\Framework\ExpectationFailedException">PayPalInitialTransaction: initial transaction | "reserve", "authorization"
Failed asserting that  on page /cart/
--&gt; Skip to navigation
Skip to content
test
Just another WordPress site
Search for:
Search
Home
Cart
Checkout
My account
Sample Page
Shop
€120.00 6 items
Home / Cart
An error occurred during the payment process. Please try again.
Cart
    Product Price Quantity Subtotal
×
Polo €20.00
Polo quantity

[Content too long to display. See complete response in '/project/tests/_output/' directory]
--&gt; contains "Order received".

/project/tests/_support/_generated/AcceptanceTesterActions.php:344
/project/tests/_support/Step/Acceptance/ShopSystem/GenericShopSystemStep.php:183
/project/tests/_support/AcceptanceTester.php:231
/repo/app.php:46
/repo/app.php:47
/repo/codecept:7
</failure>
    </testcase>
  </testsuite>
</testsuites>
