<?xml version="1.0" encoding="UTF-8"?>
<testsuites>
  <testsuite name="acceptance (ci)" tests="17" assertions="0" errors="0" failures="17" skipped="0" time="61.927442">
    <testcase file="/home/runner/work/woocommerce-ee/woocommerce-ee/shopsystems-ui-testsuite/tests/acceptance/Alipay/AlipayCrossBorderInitialTransaction.feature" name="AlipayCrossBorderInitialTransaction: initial transaction | &quot;debit&quot;" feature="AlipayCrossBorderInitialTransaction" assertions="0" time="1.018685">
      <failure type="Codeception\Exception\ElementNotFound">AlipayCrossBorderInitialTransaction: initial transaction | "debit"
Field by name, label, CSS or XPath element with //*[@class='input-text qty text'] was not found.

/home/runner/work/woocommerce-ee/woocommerce-ee/shopsystems-ui-testsuite/tests/_support/_generated/AcceptanceTesterActions.php:1505
/home/runner/work/woocommerce-ee/woocommerce-ee/shopsystems-ui-testsuite/tests/_support/Step/Acceptance/ShopSystem/GenericShopSystemStep.php:132
/home/runner/work/woocommerce-ee/woocommerce-ee/shopsystems-ui-testsuite/tests/_support/AcceptanceTester.php:152
</failure>
    </testcase>
    <testcase file="/home/runner/work/woocommerce-ee/woocommerce-ee/shopsystems-ui-testsuite/tests/acceptance/CreditCard/CreditCardInitialTransactionHappyPath.feature" name="CreditCardInitialTransactionHappyPath: initial transaction Non 3DS | &quot;reserve&quot;, &quot;20&quot;, &quot;authorization&quot;" feature="CreditCardInitialTransactionHappyPath" assertions="0" time="0.885316">
      <failure type="Codeception\Exception\ElementNotFound">CreditCardInitialTransactionHappyPath: initial transaction Non 3DS | "reserve", "20", "authorization"
Field by name, label, CSS or XPath element with //*[@class='input-text qty text'] was not found.

/home/runner/work/woocommerce-ee/woocommerce-ee/shopsystems-ui-testsuite/tests/_support/_generated/AcceptanceTesterActions.php:1505
/home/runner/work/woocommerce-ee/woocommerce-ee/shopsystems-ui-testsuite/tests/_support/Step/Acceptance/ShopSystem/GenericShopSystemStep.php:132
/home/runner/work/woocommerce-ee/woocommerce-ee/shopsystems-ui-testsuite/tests/_support/AcceptanceTester.php:152
</failure>
    </testcase>
    <testcase file="/home/runner/work/woocommerce-ee/woocommerce-ee/shopsystems-ui-testsuite/tests/acceptance/CreditCard/CreditCardInitialTransactionHappyPath.feature" name="CreditCardInitialTransactionHappyPath: initial transaction Non 3DS | &quot;pay&quot;, &quot;20&quot;, &quot;purchase&quot;" feature="CreditCardInitialTransactionHappyPath" assertions="0" time="0.881422">
      <failure type="Codeception\Exception\ElementNotFound">CreditCardInitialTransactionHappyPath: initial transaction Non 3DS | "pay", "20", "purchase"
Field by name, label, CSS or XPath element with //*[@class='input-text qty text'] was not found.

/home/runner/work/woocommerce-ee/woocommerce-ee/shopsystems-ui-testsuite/tests/_support/_generated/AcceptanceTesterActions.php:1505
/home/runner/work/woocommerce-ee/woocommerce-ee/shopsystems-ui-testsuite/tests/_support/Step/Acceptance/ShopSystem/GenericShopSystemStep.php:132
/home/runner/work/woocommerce-ee/woocommerce-ee/shopsystems-ui-testsuite/tests/_support/AcceptanceTester.php:152
</failure>
    </testcase>
    <testcase file="/home/runner/work/woocommerce-ee/woocommerce-ee/shopsystems-ui-testsuite/tests/acceptance/CreditCard/CreditCardInitialTransactionHappyPath.feature" name="CreditCardInitialTransactionHappyPath: initial transaction 3DS | &quot;reserve&quot;, &quot;100&quot;, &quot;authorization&quot;" feature="CreditCardInitialTransactionHappyPath" assertions="0" time="0.831047">
      <failure type="Codeception\Exception\ElementNotFound">CreditCardInitialTransactionHappyPath: initial transaction 3DS | "reserve", "100", "authorization"
Field by name, label, CSS or XPath element with //*[@class='input-text qty text'] was not found.

/home/runner/work/woocommerce-ee/woocommerce-ee/shopsystems-ui-testsuite/tests/_support/_generated/AcceptanceTesterActions.php:1505
/home/runner/work/woocommerce-ee/woocommerce-ee/shopsystems-ui-testsuite/tests/_support/Step/Acceptance/ShopSystem/GenericShopSystemStep.php:132
/home/runner/work/woocommerce-ee/woocommerce-ee/shopsystems-ui-testsuite/tests/_support/AcceptanceTester.php:152
</failure>
    </testcase>
    <testcase file="/home/runner/work/woocommerce-ee/woocommerce-ee/shopsystems-ui-testsuite/tests/acceptance/CreditCard/CreditCardInitialTransactionHappyPath.feature" name="CreditCardInitialTransactionHappyPath: initial transaction 3DS | &quot;pay&quot;, &quot;100&quot;, &quot;purchase&quot;" feature="CreditCardInitialTransactionHappyPath" assertions="0" time="1.071849">
      <failure type="Codeception\Exception\ElementNotFound">CreditCardInitialTransactionHappyPath: initial transaction 3DS | "pay", "100", "purchase"
Field by name, label, CSS or XPath element with //*[@class='input-text qty text'] was not found.

/home/runner/work/woocommerce-ee/woocommerce-ee/shopsystems-ui-testsuite/tests/_support/_generated/AcceptanceTesterActions.php:1505
/home/runner/work/woocommerce-ee/woocommerce-ee/shopsystems-ui-testsuite/tests/_support/Step/Acceptance/ShopSystem/GenericShopSystemStep.php:132
/home/runner/work/woocommerce-ee/woocommerce-ee/shopsystems-ui-testsuite/tests/_support/AcceptanceTester.php:152
</failure>
    </testcase>
    <testcase file="/home/runner/work/woocommerce-ee/woocommerce-ee/shopsystems-ui-testsuite/tests/acceptance/CreditCard/CreditCardOneClickInitialTransactionHappyPath.feature" name="CreditCardOneClickInitialTransactionHappyPath: initial transaction | &quot;reserve&quot;, &quot;100&quot;, &quot;authorization&quot;" feature="CreditCardOneClickInitialTransactionHappyPath" assertions="0" time="13.432740">
      <failure type="Codeception\Exception\ElementNotFound">CreditCardOneClickInitialTransactionHappyPath: initial transaction | "reserve", "100", "authorization"
Field by name, label, CSS or XPath element with //*[@class='input-text qty text'] was not found.

/home/runner/work/woocommerce-ee/woocommerce-ee/shopsystems-ui-testsuite/tests/_support/_generated/AcceptanceTesterActions.php:1505
/home/runner/work/woocommerce-ee/woocommerce-ee/shopsystems-ui-testsuite/tests/_support/Step/Acceptance/ShopSystem/GenericShopSystemStep.php:132
/home/runner/work/woocommerce-ee/woocommerce-ee/shopsystems-ui-testsuite/tests/_support/AcceptanceTester.php:152
</failure>
    </testcase>
    <testcase file="/home/runner/work/woocommerce-ee/woocommerce-ee/shopsystems-ui-testsuite/tests/acceptance/Eps/EpsInitialTransactionHappyPath.feature" name="EpsInitialTransactionHappyPath: initial transaction | &quot;debit&quot;, 20, &quot;debit&quot;" feature="EpsInitialTransactionHappyPath" assertions="0" time="0.746554">
      <failure type="Codeception\Exception\ElementNotFound">EpsInitialTransactionHappyPath: initial transaction | "debit", 20, "debit"
Field by name, label, CSS or XPath element with //*[@class='input-text qty text'] was not found.

/home/runner/work/woocommerce-ee/woocommerce-ee/shopsystems-ui-testsuite/tests/_support/_generated/AcceptanceTesterActions.php:1505
/home/runner/work/woocommerce-ee/woocommerce-ee/shopsystems-ui-testsuite/tests/_support/Step/Acceptance/ShopSystem/GenericShopSystemStep.php:132
/home/runner/work/woocommerce-ee/woocommerce-ee/shopsystems-ui-testsuite/tests/_support/AcceptanceTester.php:152
</failure>
    </testcase>
    <testcase file="/home/runner/work/woocommerce-ee/woocommerce-ee/shopsystems-ui-testsuite/tests/acceptance/GuaranteedInvoice/GuaranteedInvoiceInitialTransactionHappyPath.feature" name="GuaranteedInvoiceInitialTransactionHappyPath: initial transaction | &quot;reserve&quot;, &quot;authorization&quot;" feature="GuaranteedInvoiceInitialTransactionHappyPath" assertions="0" time="13.547583">
      <failure type="Codeception\Exception\ElementNotFound">GuaranteedInvoiceInitialTransactionHappyPath: initial transaction | "reserve", "authorization"
Field by name, label, CSS or XPath element with //*[@class='input-text qty text'] was not found.

/home/runner/work/woocommerce-ee/woocommerce-ee/shopsystems-ui-testsuite/tests/_support/_generated/AcceptanceTesterActions.php:1505
/home/runner/work/woocommerce-ee/woocommerce-ee/shopsystems-ui-testsuite/tests/_support/Step/Acceptance/ShopSystem/GenericShopSystemStep.php:132
/home/runner/work/woocommerce-ee/woocommerce-ee/shopsystems-ui-testsuite/tests/_support/AcceptanceTester.php:152
</failure>
    </testcase>
    <testcase file="/home/runner/work/woocommerce-ee/woocommerce-ee/shopsystems-ui-testsuite/tests/acceptance/PayPal/PayPalInitialTransactionHappyPath.feature" name="PayPalInitialTransaction: initial transaction | &quot;pay&quot;, &quot;purchase&quot;" feature="PayPalInitialTransaction" assertions="0" time="0.678966">
      <failure type="Codeception\Exception\ElementNotFound">PayPalInitialTransaction: initial transaction | "pay", "purchase"
Field by name, label, CSS or XPath element with //*[@class='input-text qty text'] was not found.

/home/runner/work/woocommerce-ee/woocommerce-ee/shopsystems-ui-testsuite/tests/_support/_generated/AcceptanceTesterActions.php:1505
/home/runner/work/woocommerce-ee/woocommerce-ee/shopsystems-ui-testsuite/tests/_support/Step/Acceptance/ShopSystem/GenericShopSystemStep.php:132
/home/runner/work/woocommerce-ee/woocommerce-ee/shopsystems-ui-testsuite/tests/_support/AcceptanceTester.php:152
</failure>
    </testcase>
    <testcase file="/home/runner/work/woocommerce-ee/woocommerce-ee/shopsystems-ui-testsuite/tests/acceptance/PayPal/PayPalInitialTransactionHappyPath.feature" name="PayPalInitialTransaction: initial transaction | &quot;reserve&quot;, &quot;authorization&quot;" feature="PayPalInitialTransaction" assertions="0" time="0.832220">
      <failure type="Codeception\Exception\ElementNotFound">PayPalInitialTransaction: initial transaction | "reserve", "authorization"
Field by name, label, CSS or XPath element with //*[@class='input-text qty text'] was not found.

/home/runner/work/woocommerce-ee/woocommerce-ee/shopsystems-ui-testsuite/tests/_support/_generated/AcceptanceTesterActions.php:1505
/home/runner/work/woocommerce-ee/woocommerce-ee/shopsystems-ui-testsuite/tests/_support/Step/Acceptance/ShopSystem/GenericShopSystemStep.php:132
/home/runner/work/woocommerce-ee/woocommerce-ee/shopsystems-ui-testsuite/tests/_support/AcceptanceTester.php:152
</failure>
    </testcase>
    <testcase file="/home/runner/work/woocommerce-ee/woocommerce-ee/shopsystems-ui-testsuite/tests/acceptance/PaymentOnInvoicePaymentInAdvance/PaymentOnInvoicePaymentInAdvanceInitialTransactionHappyPath.feature" name="PaymentOnInvoice/PaymentInAdvanceInitialTransactionHappyPath: initial transaction | &quot;Payment On Invoice&quot;, 100, &quot;authorization&quot;" feature="PaymentOnInvoice/PaymentInAdvanceInitialTransactionHappyPath" assertions="0" time="11.785447">
      <failure type="Codeception\Exception\ElementNotFound">PaymentOnInvoice/PaymentInAdvanceInitialTransactionHappyPath: initial transaction | "Payment On Invoice", 100, "authorization"
Field by name, label, CSS or XPath element with //*[@class='input-text qty text'] was not found.

/home/runner/work/woocommerce-ee/woocommerce-ee/shopsystems-ui-testsuite/tests/_support/_generated/AcceptanceTesterActions.php:1505
/home/runner/work/woocommerce-ee/woocommerce-ee/shopsystems-ui-testsuite/tests/_support/Step/Acceptance/ShopSystem/GenericShopSystemStep.php:132
/home/runner/work/woocommerce-ee/woocommerce-ee/shopsystems-ui-testsuite/tests/_support/AcceptanceTester.php:152
</failure>
    </testcase>
    <testcase file="/home/runner/work/woocommerce-ee/woocommerce-ee/shopsystems-ui-testsuite/tests/acceptance/PaymentOnInvoicePaymentInAdvance/PaymentOnInvoicePaymentInAdvanceInitialTransactionHappyPath.feature" name="PaymentOnInvoice/PaymentInAdvanceInitialTransactionHappyPath: initial transaction | &quot;Payment In Advance&quot;, 100, &quot;authorization&quot;" feature="PaymentOnInvoice/PaymentInAdvanceInitialTransactionHappyPath" assertions="0" time="12.214006">
      <failure type="Codeception\Exception\ElementNotFound">PaymentOnInvoice/PaymentInAdvanceInitialTransactionHappyPath: initial transaction | "Payment In Advance", 100, "authorization"
Field by name, label, CSS or XPath element with //*[@class='input-text qty text'] was not found.

/home/runner/work/woocommerce-ee/woocommerce-ee/shopsystems-ui-testsuite/tests/_support/_generated/AcceptanceTesterActions.php:1505
/home/runner/work/woocommerce-ee/woocommerce-ee/shopsystems-ui-testsuite/tests/_support/Step/Acceptance/ShopSystem/GenericShopSystemStep.php:132
/home/runner/work/woocommerce-ee/woocommerce-ee/shopsystems-ui-testsuite/tests/_support/AcceptanceTester.php:152
</failure>
    </testcase>
    <testcase file="/home/runner/work/woocommerce-ee/woocommerce-ee/shopsystems-ui-testsuite/tests/acceptance/SEPADirectDebit/SEPADirectDebitInitialTransactionHappyPath.feature" name="SEPADirectDebitInitialTransactionHappyPath: initial transaction | &quot;reserve&quot;, &quot;20&quot;, &quot;authorization&quot;" feature="SEPADirectDebitInitialTransactionHappyPath" assertions="0" time="0.941525">
      <failure type="Codeception\Exception\ElementNotFound">SEPADirectDebitInitialTransactionHappyPath: initial transaction | "reserve", "20", "authorization"
Field by name, label, CSS or XPath element with //*[@class='input-text qty text'] was not found.

/home/runner/work/woocommerce-ee/woocommerce-ee/shopsystems-ui-testsuite/tests/_support/_generated/AcceptanceTesterActions.php:1505
/home/runner/work/woocommerce-ee/woocommerce-ee/shopsystems-ui-testsuite/tests/_support/Step/Acceptance/ShopSystem/GenericShopSystemStep.php:132
/home/runner/work/woocommerce-ee/woocommerce-ee/shopsystems-ui-testsuite/tests/_support/AcceptanceTester.php:152
</failure>
    </testcase>
    <testcase file="/home/runner/work/woocommerce-ee/woocommerce-ee/shopsystems-ui-testsuite/tests/acceptance/SEPADirectDebit/SEPADirectDebitInitialTransactionHappyPath.feature" name="SEPADirectDebitInitialTransactionHappyPath: initial transaction | &quot;pay&quot;, &quot;20&quot;, &quot;debit&quot;" feature="SEPADirectDebitInitialTransactionHappyPath" assertions="0" time="0.728595">
      <failure type="Codeception\Exception\ElementNotFound">SEPADirectDebitInitialTransactionHappyPath: initial transaction | "pay", "20", "debit"
Field by name, label, CSS or XPath element with //*[@class='input-text qty text'] was not found.

/home/runner/work/woocommerce-ee/woocommerce-ee/shopsystems-ui-testsuite/tests/_support/_generated/AcceptanceTesterActions.php:1505
/home/runner/work/woocommerce-ee/woocommerce-ee/shopsystems-ui-testsuite/tests/_support/Step/Acceptance/ShopSystem/GenericShopSystemStep.php:132
/home/runner/work/woocommerce-ee/woocommerce-ee/shopsystems-ui-testsuite/tests/_support/AcceptanceTester.php:152
</failure>
    </testcase>
    <testcase file="/home/runner/work/woocommerce-ee/woocommerce-ee/shopsystems-ui-testsuite/tests/acceptance/Sofort/SofortInitialTransactionHappyPath.feature" name="SofortInitialTransaction: initial transaction | &quot;debit&quot;, &quot;debit&quot;" feature="SofortInitialTransaction" assertions="0" time="0.723261">
      <failure type="Codeception\Exception\ElementNotFound">SofortInitialTransaction: initial transaction | "debit", "debit"
Field by name, label, CSS or XPath element with //*[@class='input-text qty text'] was not found.

/home/runner/work/woocommerce-ee/woocommerce-ee/shopsystems-ui-testsuite/tests/_support/_generated/AcceptanceTesterActions.php:1505
/home/runner/work/woocommerce-ee/woocommerce-ee/shopsystems-ui-testsuite/tests/_support/Step/Acceptance/ShopSystem/GenericShopSystemStep.php:132
/home/runner/work/woocommerce-ee/woocommerce-ee/shopsystems-ui-testsuite/tests/_support/AcceptanceTester.php:152
</failure>
    </testcase>
    <testcase file="/home/runner/work/woocommerce-ee/woocommerce-ee/shopsystems-ui-testsuite/tests/acceptance/giropay/giropayInitialTransactionHappyPath.feature" name="giropayInitialTransaction: initial transaction | &quot;debit&quot;, &quot;debit&quot;" feature="giropayInitialTransaction" assertions="0" time="0.871610">
      <failure type="Codeception\Exception\ElementNotFound">giropayInitialTransaction: initial transaction | "debit", "debit"
Field by name, label, CSS or XPath element with //*[@class='input-text qty text'] was not found.

/home/runner/work/woocommerce-ee/woocommerce-ee/shopsystems-ui-testsuite/tests/_support/_generated/AcceptanceTesterActions.php:1505
/home/runner/work/woocommerce-ee/woocommerce-ee/shopsystems-ui-testsuite/tests/_support/Step/Acceptance/ShopSystem/GenericShopSystemStep.php:132
/home/runner/work/woocommerce-ee/woocommerce-ee/shopsystems-ui-testsuite/tests/_support/AcceptanceTester.php:152
</failure>
    </testcase>
    <testcase file="/home/runner/work/woocommerce-ee/woocommerce-ee/shopsystems-ui-testsuite/tests/acceptance/iDEAL/IdealInitialTransactionHappyPath.feature" name="iDealInitialTransaction: initial transaction | &quot;debit&quot;, &quot;debit&quot;" feature="iDealInitialTransaction" assertions="0" time="0.736616">
      <failure type="Codeception\Exception\ElementNotFound">iDealInitialTransaction: initial transaction | "debit", "debit"
Field by name, label, CSS or XPath element with //*[@class='input-text qty text'] was not found.

/home/runner/work/woocommerce-ee/woocommerce-ee/shopsystems-ui-testsuite/tests/_support/_generated/AcceptanceTesterActions.php:1505
/home/runner/work/woocommerce-ee/woocommerce-ee/shopsystems-ui-testsuite/tests/_support/Step/Acceptance/ShopSystem/GenericShopSystemStep.php:132
/home/runner/work/woocommerce-ee/woocommerce-ee/shopsystems-ui-testsuite/tests/_support/AcceptanceTester.php:152
</failure>
    </testcase>
  </testsuite>
</testsuites>
