<?xml version="1.0" encoding="UTF-8"?>
<testsuites>
  <testsuite name="acceptance (ci)" tests="3" assertions="0" errors="3" failures="0" skipped="0" time="0.019173">
    <testcase file="/project/tests/acceptance/CreditCard/CreditCard3DSAuthorizationHappyPath.feature" name="CreditCard3DSAuthorizationHappyPath: authorize" feature="CreditCard3DSAuthorizationHappyPath" assertions="0" time="0.012061">
      <error type="PHPUnit\Framework\Exception">CreditCard3DSAuthorizationHappyPath: authorize
PHPUnit\Framework\Exception: file_get_contents(/project/tests/_data/Locator/ShopSystem/prestashop/prestashopLocators.json): failed to open stream: No such file or directory

/project/tests/_support/Helper/Acceptance.php:22
/project/tests/_support/_generated/AcceptanceTesterActions.php:3094
/project/tests/_support/Step/Acceptance/ShopSystem/GenericShopSystemStep.php:65
/project/tests/_support/AcceptanceTester.php:232
/project/tests/_support/AcceptanceTester.php:87
/repo/codecept:43
</error>
    </testcase>
    <testcase file="/project/tests/acceptance/CreditCard/CreditCard3DSOneClickHappyPath.feature" name="CreditCard3DSOneClickHappyPath: authorize" feature="CreditCard3DSOneClickHappyPath" assertions="0" time="0.004886">
      <error type="PHPUnit\Framework\Exception">CreditCard3DSOneClickHappyPath: authorize
PHPUnit\Framework\Exception: file_get_contents(/project/tests/_data/Locator/ShopSystem/prestashop/prestashopLocators.json): failed to open stream: No such file or directory

/project/tests/_support/Helper/Acceptance.php:22
/project/tests/_support/_generated/AcceptanceTesterActions.php:3094
/project/tests/_support/Step/Acceptance/ShopSystem/GenericShopSystemStep.php:65
/project/tests/_support/AcceptanceTester.php:232
/project/tests/_support/AcceptanceTester.php:87
/repo/codecept:43
</error>
    </testcase>
    <testcase file="/project/tests/acceptance/PayPal/PayPalPurchaseHappyPath.feature" name="PayPalPurchaseHappyPath: purchase" feature="PayPalPurchaseHappyPath" assertions="0" time="0.002226">
      <error type="PHPUnit\Framework\Exception">PayPalPurchaseHappyPath: purchase
PHPUnit\Framework\Exception: file_get_contents(/project/tests/_data/Locator/ShopSystem/prestashop/prestashopLocators.json): failed to open stream: No such file or directory

/project/tests/_support/Helper/Acceptance.php:22
/project/tests/_support/_generated/AcceptanceTesterActions.php:3094
/project/tests/_support/Step/Acceptance/ShopSystem/GenericShopSystemStep.php:65
/project/tests/_support/AcceptanceTester.php:232
/project/tests/_support/AcceptanceTester.php:87
/repo/codecept:43
</error>
    </testcase>
  </testsuite>
</testsuites>
