<?xml version="1.0" encoding="UTF-8"?>
<testsuites>
  <testsuite name="acceptance (ci)" tests="1" assertions="4" errors="1" failures="0" skipped="0" time="163.368636">
    <testcase file="/project/tests/acceptance/CreditCard/CreditCardOneClickInitialTransactionHappyPath.feature" name="CreditCardOneClickInitialTransactionHappyPath: initial transaction | &quot;reserve&quot;, &quot;100&quot;, &quot;authorization&quot;" feature="CreditCardOneClickInitialTransactionHappyPath" assertions="4" time="163.368636">
      <error type="Exception">CreditCardOneClickInitialTransactionHappyPath: initial transaction | "reserve", "100", "authorization"
Exception: 

/project/tests/_support/Step/Acceptance/PaymentMethod/CreditCardStep.php:65
/project/tests/_support/Step/Acceptance/PaymentMethod/CreditCardOneClickStep.php:37
/project/tests/_support/AcceptanceTester.php:211
/repo/app.php:46
/repo/app.php:47
/repo/codecept:7
</error>
    </testcase>
  </testsuite>
</testsuites>
