<?xml version="1.0" encoding="UTF-8"?>
<testsuites>
  <testsuite name="acceptance" tests="4" assertions="6" failures="0" errors="3" time="72.628252">
    <testcase file="/home/travis/build/wirecard/woocommerce-ee/wirecard-woocommerce-extension/tests/acceptance/CreditCard3DSAuthorizationHappyPath.feature" name="CreditCard3DSAuthorizationHappyPath: authorize" feature="authorize" assertions="6" time="72.622102"/>
    <testcase file="/home/travis/build/wirecard/woocommerce-ee/wirecard-woocommerce-extension/tests/acceptance/CreditCard3DSPurchaseHappyPath.feature" name="CreditCard3DSPurchaseHappyPath: purchase" feature="purchase" assertions="0" time="0.002277">
      <error type="PHPUnit_Framework_Exception">CreditCard3DSPurchaseHappyPath: purchase
PHPUnit_Framework_Exception: Constant GATEWAY_CONFIG already defined

/home/travis/build/wirecard/woocommerce-ee/wirecard-woocommerce-extension/vendor/codeception/codeception/src/Codeception/Subscriber/ErrorHandler.php:83
/home/travis/build/wirecard/woocommerce-ee/wirecard-woocommerce-extension/tests/_support/AcceptanceTester.php:241
/home/travis/build/wirecard/woocommerce-ee/wirecard-woocommerce-extension/tests/_support/AcceptanceTester.php:280
/home/travis/build/wirecard/woocommerce-ee/wirecard-woocommerce-extension/vendor/codeception/codeception/src/Codeception/Test/Gherkin.php:142
/home/travis/build/wirecard/woocommerce-ee/wirecard-woocommerce-extension/vendor/codeception/codeception/src/Codeception/Test/Gherkin.php:83
/home/travis/build/wirecard/woocommerce-ee/wirecard-woocommerce-extension/vendor/codeception/codeception/src/Codeception/Test/Test.php:89
/home/travis/build/wirecard/woocommerce-ee/wirecard-woocommerce-extension/vendor/codeception/phpunit-wrapper/src/Runner.php:110
/home/travis/build/wirecard/woocommerce-ee/wirecard-woocommerce-extension/vendor/codeception/codeception/src/Codeception/SuiteManager.php:158
/home/travis/build/wirecard/woocommerce-ee/wirecard-woocommerce-extension/vendor/codeception/codeception/src/Codeception/Codecept.php:192
/home/travis/build/wirecard/woocommerce-ee/wirecard-woocommerce-extension/vendor/codeception/codeception/src/Codeception/Codecept.php:159
/home/travis/build/wirecard/woocommerce-ee/wirecard-woocommerce-extension/vendor/codeception/codeception/src/Codeception/Command/Run.php:495
/home/travis/build/wirecard/woocommerce-ee/wirecard-woocommerce-extension/vendor/codeception/codeception/src/Codeception/Command/Run.php:390
/home/travis/build/wirecard/woocommerce-ee/wirecard-woocommerce-extension/vendor/symfony/console/Command/Command.php:255
/home/travis/build/wirecard/woocommerce-ee/wirecard-woocommerce-extension/vendor/symfony/console/Application.php:915
/home/travis/build/wirecard/woocommerce-ee/wirecard-woocommerce-extension/vendor/symfony/console/Application.php:272
/home/travis/build/wirecard/woocommerce-ee/wirecard-woocommerce-extension/vendor/symfony/console/Application.php:148
/home/travis/build/wirecard/woocommerce-ee/wirecard-woocommerce-extension/vendor/codeception/codeception/src/Codeception/Application.php:108
</error>
    </testcase>
    <testcase file="/home/travis/build/wirecard/woocommerce-ee/wirecard-woocommerce-extension/tests/acceptance/CreditCardNon3DSPurchaseHappyPath.feature" name="CreditCardNon3DSPurchaseHappyPath: purchase" feature="purchase" assertions="0" time="0.001686">
      <error type="PHPUnit_Framework_Exception">CreditCardNon3DSPurchaseHappyPath: purchase
PHPUnit_Framework_Exception: Constant GATEWAY_CONFIG already defined

/home/travis/build/wirecard/woocommerce-ee/wirecard-woocommerce-extension/vendor/codeception/codeception/src/Codeception/Subscriber/ErrorHandler.php:83
/home/travis/build/wirecard/woocommerce-ee/wirecard-woocommerce-extension/tests/_support/AcceptanceTester.php:241
/home/travis/build/wirecard/woocommerce-ee/wirecard-woocommerce-extension/tests/_support/AcceptanceTester.php:280
/home/travis/build/wirecard/woocommerce-ee/wirecard-woocommerce-extension/vendor/codeception/codeception/src/Codeception/Test/Gherkin.php:142
/home/travis/build/wirecard/woocommerce-ee/wirecard-woocommerce-extension/vendor/codeception/codeception/src/Codeception/Test/Gherkin.php:83
/home/travis/build/wirecard/woocommerce-ee/wirecard-woocommerce-extension/vendor/codeception/codeception/src/Codeception/Test/Test.php:89
/home/travis/build/wirecard/woocommerce-ee/wirecard-woocommerce-extension/vendor/codeception/phpunit-wrapper/src/Runner.php:110
/home/travis/build/wirecard/woocommerce-ee/wirecard-woocommerce-extension/vendor/codeception/codeception/src/Codeception/SuiteManager.php:158
/home/travis/build/wirecard/woocommerce-ee/wirecard-woocommerce-extension/vendor/codeception/codeception/src/Codeception/Codecept.php:192
/home/travis/build/wirecard/woocommerce-ee/wirecard-woocommerce-extension/vendor/codeception/codeception/src/Codeception/Codecept.php:159
/home/travis/build/wirecard/woocommerce-ee/wirecard-woocommerce-extension/vendor/codeception/codeception/src/Codeception/Command/Run.php:495
/home/travis/build/wirecard/woocommerce-ee/wirecard-woocommerce-extension/vendor/codeception/codeception/src/Codeception/Command/Run.php:390
/home/travis/build/wirecard/woocommerce-ee/wirecard-woocommerce-extension/vendor/symfony/console/Command/Command.php:255
/home/travis/build/wirecard/woocommerce-ee/wirecard-woocommerce-extension/vendor/symfony/console/Application.php:915
/home/travis/build/wirecard/woocommerce-ee/wirecard-woocommerce-extension/vendor/symfony/console/Application.php:272
/home/travis/build/wirecard/woocommerce-ee/wirecard-woocommerce-extension/vendor/symfony/console/Application.php:148
/home/travis/build/wirecard/woocommerce-ee/wirecard-woocommerce-extension/vendor/codeception/codeception/src/Codeception/Application.php:108
</error>
    </testcase>
    <testcase file="/home/travis/build/wirecard/woocommerce-ee/wirecard-woocommerce-extension/tests/acceptance/PayPalPurchaseHappyPath.feature" name="PayPalPurchaseHappyPath: purchase" feature="purchase" assertions="0" time="0.002187">
      <error type="PHPUnit_Framework_Exception">PayPalPurchaseHappyPath: purchase
PHPUnit_Framework_Exception: Constant GATEWAY_CONFIG already defined

/home/travis/build/wirecard/woocommerce-ee/wirecard-woocommerce-extension/vendor/codeception/codeception/src/Codeception/Subscriber/ErrorHandler.php:83
/home/travis/build/wirecard/woocommerce-ee/wirecard-woocommerce-extension/tests/_support/AcceptanceTester.php:241
/home/travis/build/wirecard/woocommerce-ee/wirecard-woocommerce-extension/tests/_support/AcceptanceTester.php:280
/home/travis/build/wirecard/woocommerce-ee/wirecard-woocommerce-extension/vendor/codeception/codeception/src/Codeception/Test/Gherkin.php:142
/home/travis/build/wirecard/woocommerce-ee/wirecard-woocommerce-extension/vendor/codeception/codeception/src/Codeception/Test/Gherkin.php:83
/home/travis/build/wirecard/woocommerce-ee/wirecard-woocommerce-extension/vendor/codeception/codeception/src/Codeception/Test/Test.php:89
/home/travis/build/wirecard/woocommerce-ee/wirecard-woocommerce-extension/vendor/codeception/phpunit-wrapper/src/Runner.php:110
/home/travis/build/wirecard/woocommerce-ee/wirecard-woocommerce-extension/vendor/codeception/codeception/src/Codeception/SuiteManager.php:158
/home/travis/build/wirecard/woocommerce-ee/wirecard-woocommerce-extension/vendor/codeception/codeception/src/Codeception/Codecept.php:192
/home/travis/build/wirecard/woocommerce-ee/wirecard-woocommerce-extension/vendor/codeception/codeception/src/Codeception/Codecept.php:159
/home/travis/build/wirecard/woocommerce-ee/wirecard-woocommerce-extension/vendor/codeception/codeception/src/Codeception/Command/Run.php:495
/home/travis/build/wirecard/woocommerce-ee/wirecard-woocommerce-extension/vendor/codeception/codeception/src/Codeception/Command/Run.php:390
/home/travis/build/wirecard/woocommerce-ee/wirecard-woocommerce-extension/vendor/symfony/console/Command/Command.php:255
/home/travis/build/wirecard/woocommerce-ee/wirecard-woocommerce-extension/vendor/symfony/console/Application.php:915
/home/travis/build/wirecard/woocommerce-ee/wirecard-woocommerce-extension/vendor/symfony/console/Application.php:272
/home/travis/build/wirecard/woocommerce-ee/wirecard-woocommerce-extension/vendor/symfony/console/Application.php:148
/home/travis/build/wirecard/woocommerce-ee/wirecard-woocommerce-extension/vendor/codeception/codeception/src/Codeception/Application.php:108
</error>
    </testcase>
  </testsuite>
</testsuites>
