<?xml version="1.0" encoding="UTF-8"?>
<testsuites>
  <testsuite name="acceptance (ci)" tests="2" assertions="2" errors="0" failures="2" skipped="0" time="27.692836">
    <testcase file="/project/tests/acceptance/CreditCard/CreditCardInitialTransactionHappyPath.feature" name="CreditCardInitialTransactionHappyPath: initial transaction Non 3DS | &quot;reserve&quot;, &quot;20&quot;, &quot;authorization&quot;" feature="CreditCardInitialTransactionHappyPath" assertions="1" time="13.535573">
      <failure type="PHPUnit\Framework\ExpectationFailedException">CreditCardInitialTransactionHappyPath: initial transaction Non 3DS | "reserve", "20", "authorization"
Failed asserting that  on page /checkout/
--&gt; Skip to navigation
Skip to content
test
Just another WordPress site
Search for:
Search
Home
Cart
Checkout
My account
Sample Page
Shop
€40.00 2 items
Home / Checkout
Checkout
Have a coupon? Click here to enter your code
Billing details
First name *
Last name *
Company name (optional)
Country *
Sele
[Content too long to display. See complete response in '/project/tests/_output/' directory]
--&gt; contains "Wirecard Credit Card".

/project/tests/_support/_generated/AcceptanceTesterActions.php:344
/project/tests/_support/AcceptanceTester.php:138
/repo/app.php:46
/repo/app.php:47
/repo/codecept:7
</failure>
    </testcase>
    <testcase file="/project/tests/acceptance/CreditCard/CreditCardInitialTransactionHappyPath.feature" name="CreditCardInitialTransactionHappyPath: initial transaction Non 3DS | &quot;pay&quot;, &quot;20&quot;, &quot;purchase&quot;" feature="CreditCardInitialTransactionHappyPath" assertions="1" time="14.157263">
      <failure type="PHPUnit\Framework\ExpectationFailedException">CreditCardInitialTransactionHappyPath: initial transaction Non 3DS | "pay", "20", "purchase"
Failed asserting that  on page /checkout/
--&gt; Skip to navigation
Skip to content
test
Just another WordPress site
Search for:
Search
Home
Cart
Checkout
My account
Sample Page
Shop
€40.00 2 items
Home / Checkout
Checkout
Have a coupon? Click here to enter your code
Billing details
First name *
Last name *
Company name (optional)
Country *
Sele
[Content too long to display. See complete response in '/project/tests/_output/' directory]
--&gt; contains "Wirecard Credit Card".

/project/tests/_support/_generated/AcceptanceTesterActions.php:344
/project/tests/_support/AcceptanceTester.php:138
/repo/app.php:46
/repo/app.php:47
/repo/codecept:7
</failure>
    </testcase>
  </testsuite>
</testsuites>
